<?xml version="1.0" encoding="UTF-8"?>
<!-- Generated by org.testng.reporters.JUnitReportReporter -->
<testsuite hostname="DESKTOP-I1IA376" failures="0" tests="16" name="edu.isistan.controller.ViajeControllerTest" time="291.589" errors="0" timestamp="2020-11-18T14:10:34 ART" skipped="0">
  <testcase classname="edu.isistan.controller.ViajeControllerTest" name="modificarViajeNoEncontradoTest" time="32.220"/>
  <system-out/>
  <testcase classname="edu.isistan.controller.ViajeControllerTest" name="getViajeTest" time="10.196"/>
  <system-out/>
  <testcase classname="edu.isistan.controller.ViajeControllerTest" name="crearViajeSinDatosTest" time="14.824"/>
  <system-out/>
  <testcase classname="edu.isistan.controller.ViajeControllerTest" name="borrarViajeTest" time="34.223"/>
  <system-out/>
  <testcase classname="edu.isistan.controller.ViajeControllerTest" name="borrarViajeDeOtroUsuarioTest" time="8.250"/>
  <system-out/>
  <testcase classname="edu.isistan.controller.ViajeControllerTest" name="borrarViajeNoEncontradoTest" time="24.136"/>
  <system-out/>
  <testcase classname="edu.isistan.controller.ViajeControllerTest" name="crearViajeTest" time="26.310"/>
  <system-out/>
  <testcase classname="edu.isistan.controller.ViajeControllerTest" name="modificarViajeDeOtroUsuarioTest" time="17.146"/>
  <system-out/>
  <testcase classname="edu.isistan.controller.ViajeControllerTest" name="modificarViajeTest" time="19.417"/>
  <system-out/>
  <testcase classname="edu.isistan.controller.ViajeControllerTest" name="crearViajeConFinMayorAlInicioTest" time="28.257"/>
  <system-out/>
  <testcase classname="edu.isistan.controller.ViajeControllerTest" name="getViajesDeUsuarioPendientesTest" time="21.803"/>
  <system-out/>
  <testcase classname="edu.isistan.controller.ViajeControllerTest" name="getViajeNoEncontradoTest" time="12.206"/>
  <system-out/>
  <testcase classname="edu.isistan.controller.ViajeControllerTest" name="getViajeDeOtroUsuarioTest" time="6.172"/>
  <system-out/>
  <testcase classname="edu.isistan.controller.ViajeControllerTest" name="modificarViajeSinDatosTest" time="30.197"/>
  <system-out/>
  <testcase classname="edu.isistan.controller.ViajeControllerTest" name="getViajesDeUsuarioRealizadosTest" time="2.017"/>
  <system-out/>
  <testcase classname="edu.isistan.controller.ViajeControllerTest" name="getViajesDeUsuarioTest" time="4.215"/>
  <system-out/>
</testsuite> <!-- edu.isistan.controller.ViajeControllerTest -->
