<?xml version="1.0" encoding="UTF-8"?>
<!-- Generated by org.testng.reporters.JUnitReportReporter -->
<testsuite hostname="DESKTOP-I1IA376" failures="0" tests="21" name="edu.isistan.controller.PlanControllerTest" time="837.485" errors="0" timestamp="2020-11-18T14:10:34 ART" skipped="0">
  <testcase classname="edu.isistan.controller.PlanControllerTest" name="crearPlanVueloTest" time="24.489"/>
  <system-out/>
  <testcase classname="edu.isistan.controller.PlanControllerTest" name="getPlanesDeViajeTest" time="19.061"/>
  <system-out/>
  <testcase classname="edu.isistan.controller.PlanControllerTest" name="crearPlanDatosVaciosTest" time="38.333"/>
  <system-out/>
  <testcase classname="edu.isistan.controller.PlanControllerTest" name="getPlanesDelUsuarioTest" time="50.917"/>
  <system-out/>
  <testcase classname="edu.isistan.controller.PlanControllerTest" name="borrarPlanDeOtroUsuarioTest" time="16.023"/>
  <system-out/>
  <testcase classname="edu.isistan.controller.PlanControllerTest" name="getPlanTest" time="42.621"/>
  <system-out/>
  <testcase classname="edu.isistan.controller.PlanControllerTest" name="crearPlanViajeColectivoTest" time="44.657"/>
  <system-out/>
  <testcase classname="edu.isistan.controller.PlanControllerTest" name="getPlanesDeViajeDeOtroUsuarioTest" time="48.933"/>
  <system-out/>
  <testcase classname="edu.isistan.controller.PlanControllerTest" name="modificarPlanNoEncontradoTest" time="61.044"/>
  <system-out/>
  <testcase classname="edu.isistan.controller.PlanControllerTest" name="crearPlanAViajeNoEncontradoTest" time="59.109"/>
  <system-out/>
  <testcase classname="edu.isistan.controller.PlanControllerTest" name="borrarPlanTest" time="29.465"/>
  <system-out/>
  <testcase classname="edu.isistan.controller.PlanControllerTest" name="crearPlanViajeTrenTest" time="27.004"/>
  <system-out/>
  <testcase classname="edu.isistan.controller.PlanControllerTest" name="crearPlanAOtroUsuarioTest" time="46.745"/>
  <system-out/>
  <testcase classname="edu.isistan.controller.PlanControllerTest" name="modificarPlanAOtroUsuarioTest" time="52.952"/>
  <system-out/>
  <testcase classname="edu.isistan.controller.PlanControllerTest" name="crearPlanReservaHotelTest" time="36.227"/>
  <system-out/>
  <testcase classname="edu.isistan.controller.PlanControllerTest" name="modificarPlanTest" time="34.026"/>
  <system-out/>
  <testcase classname="edu.isistan.controller.PlanControllerTest" name="getPlanNoEncontradoTest" time="31.775"/>
  <system-out/>
  <testcase classname="edu.isistan.controller.PlanControllerTest" name="getPlanDeOtroUsuarioTest" time="54.903"/>
  <system-out/>
  <testcase classname="edu.isistan.controller.PlanControllerTest" name="getPlanesDeViajeNoEncontradoTest" time="21.827"/>
  <system-out/>
  <testcase classname="edu.isistan.controller.PlanControllerTest" name="borrarPlanNoEncontradoTest" time="40.409"/>
  <system-out/>
  <testcase classname="edu.isistan.controller.PlanControllerTest" name="modificarPlanDatosVaciosTest" time="56.965"/>
  <system-out/>
</testsuite> <!-- edu.isistan.controller.PlanControllerTest -->
